2025-07-22 22:05:15,689 - __main__ - INFO - ============================================================
2025-07-22 22:05:15,689 - __main__ - INFO - CSV Processing Pipeline Started
2025-07-22 22:05:15,690 - __main__ - INFO - ============================================================
2025-07-22 22:05:15,690 - __main__ - INFO - Starting CSV processing pipeline
2025-07-22 22:05:15,691 - __main__ - INFO - Initializing database...
2025-07-22 22:05:48,752 - __main__ - ERROR - Error creating database schema: no such column: created_at
2025-07-22 22:05:48,753 - __main__ - ERROR - Critical error in processing pipeline: no such column: created_at
2025-07-22 22:05:48,753 - __main__ - ERROR - Pipeline failed!
2025-07-22 22:07:17,197 - __main__ - INFO - ============================================================
2025-07-22 22:07:17,197 - __main__ - INFO - CSV Processing Pipeline Started
2025-07-22 22:07:17,198 - __main__ - INFO - ============================================================
2025-07-22 22:07:17,198 - __main__ - INFO - Starting CSV processing pipeline
2025-07-22 22:07:17,198 - __main__ - INFO - Initializing database...
2025-07-22 22:07:17,229 - __main__ - INFO - Database schema created successfully
2025-07-22 22:07:17,232 - __main__ - INFO - Initial database row count: 0
2025-07-22 22:07:18,324 - __main__ - INFO - File size: 549.87 MB
2025-07-22 22:07:18,333 - __main__ - INFO - Estimated rows: 4,942,089
2025-07-22 22:07:18,333 - __main__ - INFO - Starting file download and streaming...
2025-07-22 22:07:25,683 - __main__ - INFO - Processing chunk 1 (10000 rows)
2025-07-22 22:07:25,683 - __main__ - INFO - Cleaning chunk with 10000 rows
2025-07-22 22:07:26,284 - __main__ - WARNING - Found 1 records with prices > $100,000
2025-07-22 22:07:26,300 - __main__ - INFO - Chunk cleaning completed: 10000 -> 10000 rows
2025-07-22 22:07:27,799 - __main__ - ERROR - Database error during insertion: table products has no column named product_small_img
2025-07-22 22:07:28,944 - __main__ - INFO - Processing chunk 2 (10000 rows)
2025-07-22 22:07:28,944 - __main__ - INFO - Cleaning chunk with 10000 rows
2025-07-22 22:07:29,371 - __main__ - INFO - Removed 1 duplicate rows from chunk
2025-07-22 22:07:29,371 - __main__ - WARNING - Found 2 records with prices > $100,000
2025-07-22 22:07:29,387 - __main__ - INFO - Chunk cleaning completed: 10000 -> 9999 rows
2025-07-22 22:07:30,717 - __main__ - ERROR - Database error during insertion: table products has no column named product_small_img
2025-07-22 22:07:31,740 - __main__ - INFO - Processing chunk 3 (10000 rows)
2025-07-22 22:07:31,740 - __main__ - INFO - Cleaning chunk with 10000 rows
2025-07-22 22:07:32,164 - __main__ - WARNING - Found 1 records with prices > $100,000
2025-07-22 22:07:32,164 - __main__ - INFO - Chunk cleaning completed: 10000 -> 10000 rows
2025-07-22 22:07:33,511 - __main__ - ERROR - Database error during insertion: table products has no column named product_small_img
2025-07-22 22:07:34,465 - __main__ - INFO - Processing chunk 4 (10000 rows)
2025-07-22 22:07:34,465 - __main__ - INFO - Cleaning chunk with 10000 rows
2025-07-22 22:07:34,892 - __main__ - INFO - Chunk cleaning completed: 10000 -> 10000 rows
2025-07-22 22:07:36,190 - __main__ - ERROR - Database error during insertion: table products has no column named product_small_img
2025-07-22 22:07:37,131 - __main__ - INFO - Processing chunk 5 (10000 rows)
2025-07-22 22:07:37,131 - __main__ - INFO - Cleaning chunk with 10000 rows
2025-07-22 22:07:37,500 - __main__ - INFO - Chunk cleaning completed: 10000 -> 10000 rows
2025-07-22 22:07:38,851 - __main__ - ERROR - Database error during insertion: table products has no column named product_small_img
2025-07-22 22:07:39,710 - __main__ - INFO - Processing chunk 6 (10000 rows)
2025-07-22 22:07:39,710 - __main__ - INFO - Cleaning chunk with 10000 rows
2025-07-22 22:07:40,098 - __main__ - INFO - Chunk cleaning completed: 10000 -> 10000 rows
2025-07-22 22:07:41,364 - __main__ - ERROR - Database error during insertion: table products has no column named product_small_img
2025-07-22 22:07:42,431 - __main__ - INFO - Processing chunk 7 (10000 rows)
2025-07-22 22:07:42,431 - __main__ - INFO - Cleaning chunk with 10000 rows
2025-07-22 22:07:42,768 - __main__ - WARNING - Found 1 records with prices > $100,000
2025-07-22 22:07:42,862 - __main__ - INFO - Chunk cleaning completed: 10000 -> 10000 rows
2025-07-22 22:07:44,178 - __main__ - ERROR - Database error during insertion: table products has no column named product_small_img
2025-07-22 22:07:45,396 - __main__ - INFO - Processing chunk 8 (10000 rows)
2025-07-22 22:07:45,396 - __main__ - INFO - Cleaning chunk with 10000 rows
2025-07-22 22:07:45,788 - __main__ - WARNING - Found 1 records with prices > $100,000
2025-07-22 22:07:45,790 - __main__ - INFO - Chunk cleaning completed: 10000 -> 10000 rows
2025-07-22 22:07:47,195 - __main__ - ERROR - Database error during insertion: table products has no column named product_small_img
2025-07-22 22:07:48,164 - __main__ - INFO - Processing chunk 9 (10000 rows)
2025-07-22 22:07:48,164 - __main__ - INFO - Cleaning chunk with 10000 rows
2025-07-22 22:07:48,545 - __main__ - INFO - Chunk cleaning completed: 10000 -> 10000 rows
2025-07-22 22:07:49,795 - __main__ - ERROR - Database error during insertion: table products has no column named product_small_img
2025-07-22 22:07:50,768 - __main__ - INFO - Processing chunk 10 (10000 rows)
2025-07-22 22:07:50,768 - __main__ - INFO - Cleaning chunk with 10000 rows
2025-07-22 22:07:51,182 - __main__ - INFO - Chunk cleaning completed: 10000 -> 10000 rows
2025-07-22 22:07:52,537 - __main__ - ERROR - Database error during insertion: table products has no column named product_small_img
2025-07-22 22:07:52,562 - __main__ - INFO - Progress: 10 chunks, 100,000 processed, 0 inserted, 0 total in DB
2025-07-22 22:07:53,451 - __main__ - INFO - Processing chunk 11 (10000 rows)
2025-07-22 22:07:53,451 - __main__ - INFO - Cleaning chunk with 10000 rows
2025-07-22 22:07:53,917 - __main__ - INFO - Chunk cleaning completed: 10000 -> 10000 rows
2025-07-22 22:07:55,781 - __main__ - ERROR - Database error during insertion: table products has no column named product_small_img
2025-07-22 22:07:56,753 - __main__ - INFO - Processing chunk 12 (10000 rows)
2025-07-22 22:07:56,753 - __main__ - INFO - Cleaning chunk with 10000 rows
2025-07-22 22:07:57,202 - __main__ - INFO - Chunk cleaning completed: 10000 -> 10000 rows
2025-07-22 22:07:58,582 - __main__ - ERROR - Database error during insertion: table products has no column named product_small_img
2025-07-22 22:07:59,501 - __main__ - INFO - Processing chunk 13 (10000 rows)
2025-07-22 22:07:59,502 - __main__ - INFO - Cleaning chunk with 10000 rows
2025-07-22 22:07:59,967 - __main__ - INFO - Chunk cleaning completed: 10000 -> 10000 rows
2025-07-22 22:08:01,247 - __main__ - ERROR - Database error during insertion: table products has no column named product_small_img
2025-07-22 22:08:02,189 - __main__ - INFO - Processing chunk 14 (10000 rows)
2025-07-22 22:08:02,189 - __main__ - INFO - Cleaning chunk with 10000 rows
2025-07-22 22:08:02,566 - __main__ - INFO - Chunk cleaning completed: 10000 -> 10000 rows
2025-07-22 22:08:04,011 - __main__ - ERROR - Database error during insertion: table products has no column named product_small_img
2025-07-22 22:08:04,933 - __main__ - INFO - Processing chunk 15 (10000 rows)
2025-07-22 22:08:04,933 - __main__ - INFO - Cleaning chunk with 10000 rows
2025-07-22 22:08:05,326 - __main__ - INFO - Chunk cleaning completed: 10000 -> 10000 rows
2025-07-22 22:08:06,541 - __main__ - ERROR - Database error during insertion: table products has no column named product_small_img
2025-07-22 22:08:07,559 - __main__ - INFO - Processing chunk 16 (10000 rows)
2025-07-22 22:08:07,559 - __main__ - INFO - Cleaning chunk with 10000 rows
2025-07-22 22:08:08,324 - __main__ - INFO - Chunk cleaning completed: 10000 -> 10000 rows
2025-07-22 22:08:10,329 - __main__ - ERROR - Database error during insertion: table products has no column named product_small_img
2025-07-22 22:08:11,598 - __main__ - INFO - Processing chunk 17 (10000 rows)
2025-07-22 22:08:11,598 - __main__ - INFO - Cleaning chunk with 10000 rows
2025-07-22 22:08:12,053 - __main__ - INFO - Chunk cleaning completed: 10000 -> 10000 rows
2025-07-22 22:08:13,517 - __main__ - ERROR - Database error during insertion: table products has no column named product_small_img
2025-07-22 22:08:17,634 - __main__ - INFO - Processing interrupted by user
2025-07-22 22:21:57,480 - __main__ - INFO - ============================================================
2025-07-22 22:21:57,481 - __main__ - INFO - CSV Processing Pipeline Started
2025-07-22 22:21:57,482 - __main__ - INFO - ============================================================
2025-07-22 22:21:57,482 - __main__ - INFO - Starting CSV processing pipeline
2025-07-22 22:21:57,482 - __main__ - INFO - Initializing database...
2025-07-22 22:21:57,516 - __main__ - ERROR - Error creating database schema: no such column: created_at
2025-07-22 22:21:57,517 - __main__ - ERROR - Critical error in processing pipeline: no such column: created_at
2025-07-22 22:21:57,517 - __main__ - ERROR - Pipeline failed!
2025-07-22 22:23:18,239 - __main__ - INFO - ============================================================
2025-07-22 22:23:18,239 - __main__ - INFO - CSV Processing Pipeline Started
2025-07-22 22:23:18,239 - __main__ - INFO - ============================================================
2025-07-22 22:23:18,239 - __main__ - INFO - Starting CSV processing pipeline
2025-07-22 22:23:18,239 - __main__ - INFO - Initializing database...
2025-07-22 22:23:18,279 - __main__ - INFO - Database schema created successfully
2025-07-22 22:23:18,280 - __main__ - INFO - Initial database row count: 0
2025-07-22 22:23:19,448 - __main__ - INFO - File size: 549.87 MB
2025-07-22 22:23:22,111 - __main__ - INFO - Estimated rows (from sample): 1,272,934
2025-07-22 22:23:22,111 - __main__ - INFO - Starting file download and streaming...
2025-07-22 22:23:25,903 - __main__ - INFO - Processing interrupted by user
2025-07-22 22:25:53,793 - __main__ - INFO - ============================================================
2025-07-22 22:25:53,793 - __main__ - INFO - CSV Processing Pipeline Started
2025-07-22 22:25:53,793 - __main__ - INFO - ============================================================
2025-07-22 22:25:53,793 - __main__ - INFO - Starting CSV processing pipeline
2025-07-22 22:25:53,793 - __main__ - INFO - Initializing database...
2025-07-22 22:25:53,826 - __main__ - INFO - Database schema created successfully
2025-07-22 22:25:53,828 - __main__ - INFO - Initial database row count: 0
2025-07-22 22:25:53,828 - __main__ - INFO - Counting rows in CSV file...
2025-07-22 22:25:54,973 - __main__ - ERROR - Error counting rows: can only concatenate str (not "bytes") to str
2025-07-22 22:25:54,973 - __main__ - ERROR - Critical error in processing pipeline: cannot unpack non-iterable int object
2025-07-22 22:25:54,973 - __main__ - ERROR - Pipeline failed!
2025-07-22 22:26:53,716 - __main__ - INFO - ============================================================
2025-07-22 22:26:53,716 - __main__ - INFO - CSV Processing Pipeline Started
2025-07-22 22:26:53,717 - __main__ - INFO - ============================================================
2025-07-22 22:26:53,717 - __main__ - INFO - Starting CSV processing pipeline
2025-07-22 22:26:53,717 - __main__ - INFO - Initializing database...
2025-07-22 22:26:53,759 - __main__ - INFO - Database schema created successfully
2025-07-22 22:26:53,761 - __main__ - INFO - Initial database row count: 0
2025-07-22 22:26:53,761 - __main__ - INFO - Counting rows in CSV file...
2025-07-22 22:27:15,514 - __main__ - INFO - Counted 50,000 rows so far...
2025-07-22 22:27:30,798 - __main__ - INFO - Counted 100,000 rows so far...
2025-07-22 22:27:35,879 - __main__ - INFO - Counted 150,000 rows so far...
2025-07-22 22:27:39,262 - __main__ - INFO - Counted 200,000 rows so far...
2025-07-22 22:27:42,233 - __main__ - INFO - Counted 250,000 rows so far...
2025-07-22 22:27:45,087 - __main__ - INFO - Counted 300,000 rows so far...
2025-07-22 22:27:48,473 - __main__ - INFO - Counted 350,000 rows so far...
2025-07-22 22:27:51,771 - __main__ - INFO - Counted 400,000 rows so far...
2025-07-22 22:27:54,886 - __main__ - INFO - Counted 450,000 rows so far...
2025-07-22 22:27:57,746 - __main__ - INFO - Counted 500,000 rows so far...
2025-07-22 22:28:01,581 - __main__ - INFO - Counted 550,000 rows so far...
2025-07-22 22:28:05,945 - __main__ - INFO - Counted 600,000 rows so far...
2025-07-22 22:28:10,123 - __main__ - INFO - Counted 650,000 rows so far...
2025-07-22 22:28:14,889 - __main__ - INFO - Counted 700,000 rows so far...
2025-07-22 22:28:19,420 - __main__ - INFO - Counted 750,000 rows so far...
2025-07-22 22:28:25,665 - __main__ - INFO - Counted 800,000 rows so far...
2025-07-22 22:28:32,815 - __main__ - INFO - Counted 850,000 rows so far...
2025-07-22 22:28:38,068 - __main__ - INFO - Counted 900,000 rows so far...
2025-07-22 22:28:40,582 - __main__ - INFO - Counted 950,000 rows so far...
2025-07-22 22:28:43,190 - __main__ - INFO - Counted 1,000,000 rows so far...
2025-07-22 22:28:49,946 - __main__ - INFO - Counted 1,050,000 rows so far...
2025-07-22 22:28:52,513 - __main__ - INFO - Counted 1,100,000 rows so far...
2025-07-22 22:29:00,271 - __main__ - INFO - Counted 1,150,000 rows so far...
2025-07-22 22:29:06,164 - __main__ - INFO - Processing interrupted by user
